<?xml version="1.0" encoding="UTF-8"?>
<!-- Generated by org.testng.reporters.JUnitReportReporter -->
<testsuite hostname="DESKTOP-BDCU2EV" failures="0" tests="1" name="Day_016_ParallelClasses.OrangeHRMTest" time="6.823" errors="0" timestamp="2022-03-26T09:43:22 IST" skipped="0">
  <testcase classname="Day_016_ParallelClasses.OrangeHRMTest" name="Open_OrangeHRM" time="6.823"/>
  <system-out/>
</testsuite> <!-- Day_016_ParallelClasses.OrangeHRMTest -->
