<?xml version="1.0" encoding="UTF-8"?>
<!-- Generated by org.testng.reporters.JUnitReportReporter -->
<testsuite hostname="DESKTOP-BDCU2EV" failures="0" tests="1" name="ABC_Demo119.TC01_Add_Numbers" time="0.010" errors="0" timestamp="2022-05-06T09:39:42 IST" skipped="0">
  <testcase classname="ABC_Demo119.TC01_Add_Numbers" name="Test1" time="0.010"/>
  <system-out/>
</testsuite> <!-- ABC_Demo119.TC01_Add_Numbers -->
