<?xml version="1.0" encoding="UTF-8"?>
<!-- Generated by org.testng.reporters.JUnitReportReporter -->
<testsuite hostname="DESKTOP-3NLTDNI" failures="0" tests="1" name="Day_35_Execute_Failed_TestCases.TC01_Add_Nationality" time="31.046" errors="0" timestamp="2022-05-31T11:09:11 IST" skipped="0">
  <testcase classname="Day_35_Execute_Failed_TestCases.TC01_Add_Nationality" name="Open_Mercury" time="31.046"/>
  <system-out/>
</testsuite> <!-- Day_35_Execute_Failed_TestCases.TC01_Add_Nationality -->
