<?xml version="1.0" encoding="UTF-8"?>
<!-- Generated by org.testng.reporters.JUnitReportReporter -->
<testsuite hostname="DESKTOP-BDCU2EV" failures="0" tests="1" name="Day_022_Action_class.TC01_Mouse_Hover_Action" time="14.834" errors="0" timestamp="2022-03-23T10:05:50 IST" skipped="0">
  <testcase classname="Day_022_Action_class.TC01_Mouse_Hover_Action" name="Login_Test" time="14.834"/>
  <system-out/>
</testsuite> <!-- Day_022_Action_class.TC01_Mouse_Hover_Action -->
