<?xml version="1.0" encoding="UTF-8"?>
<!-- Generated by org.testng.reporters.JUnitReportReporter -->
<testsuite hostname="DESKTOP-BDCU2EV" failures="0" tests="1" name="Day_030_Page_Factory.TC01_Add_Nationalities" time="11.697" errors="0" timestamp="2022-03-08T10:31:40 IST" skipped="0">
  <testcase classname="Day_030_Page_Factory.TC01_Add_Nationalities" name="Book_OneWay_Flight" time="11.697"/>
  <system-out/>
</testsuite> <!-- Day_030_Page_Factory.TC01_Add_Nationalities -->
