<?xml version="1.0" encoding="UTF-8"?>
<!-- Generated by org.testng.reporters.JUnitReportReporter -->
<testsuite hostname="DESKTOP-3NLTDNI" failures="0" tests="1" name="ABC_Demo123.TC01_Add_jobs" time="35.918" errors="0" timestamp="2022-05-13T09:37:57 IST" skipped="0">
  <testcase classname="ABC_Demo123.TC01_Add_jobs" name="JobsTest" time="35.918"/>
  <system-out/>
</testsuite> <!-- ABC_Demo123.TC01_Add_jobs -->
