<?xml version="1.0" encoding="UTF-8"?>
<!-- Generated by org.testng.reporters.JUnitReportReporter -->
<testsuite hostname="DESKTOP-BDCU2EV" failures="0" tests="3" name="Day_013_TestNG_Paraneters1.BrowserTesting_DataProvider3" time="28.169" errors="0" timestamp="2022-02-24T09:45:26 IST" skipped="0">
  <testcase classname="Day_013_TestNG_Paraneters1.BrowserTesting_DataProvider3" name="Test3" time="16.544"/>
  <system-out>
    <![CDATA[<table> <tr >  <img   style="border:1px solid black;"      src="C:\HTML Report\HtmlTemplates\Logo.JPEG"></tr><tr   ><center><font color="red"  size="15" >TC01_Nationality_Iterration_1</font></center></tr><tr bgcolor="#9370DB"> <th width="100px"> <center><font color="white"  size="4" >Steps</font></center><font color="white"  size="4" ></font></center> </th> <th width="450px" ><center><font color="white"  size="4" >Details </font> </center></th> <th width="100px" ><center><font color="white"  size="4" >Status</font></center></th>  <th  width="250px"  ><center><font color="white"  size="4" >Screen Shots</font></center></th> <th width="250px"  ><center><font color="white"  size="4" >Date & Time</font></center></th>  </tr>       
 <tr bgcolor="#eee"> <th width="100px"> <center>Step&nbsp;1</center> </th> <th width="450px" ><center><b><font color='black'>   Open chrome Browser and URL </b> </font></center></th> <th width="100px" ><center><img src='file:///C:\HTML Report\HtmlTemplates\passed.ico'    +     "width="30" + height="30"></img></center></th>  <th  width="250px"  ><center><a href=C:/HTML Report/test-output/TempScreenShots/TC01_Nationality_Iterration_1_2022_Feb_24_9_44_57_718_AM/24_Feb_2022 9_45_01_232 AM.png target="popup" onclick="window.open('C:/HTML Report/test-output/TempScreenShots/TC01_Nationality_Iterration_1_2022_Feb_24_9_44_57_718_AM/24_Feb_2022 9_45_01_232 AM.png','popup','width=600,height=600'); return false;"> ScreenShot</a> </center></th> <th width="250px"  ><center>2022_Feb_24_9_45_01_630_AM</center></th>  </tr>      
 <tr bgcolor="#ddd"> <th width="100px"> <center>Step&nbsp;2</center> </th> <th width="450px" ><center><b><font color='black'>   UserName Entered</b> </font></center></th> <th width="100px" ><center><img src='file:///C:\HTML Report\HtmlTemplates\passed.ico'    +     "width="30" + height="30"></img></center></th>  <th  width="250px"  ><center><a href=C:/HTML Report/test-output/TempScreenShots/TC01_Nationality_Iterration_1_2022_Feb_24_9_44_57_718_AM/24_Feb_2022 9_45_01_793 AM.png target="popup" onclick="window.open('C:/HTML Report/test-output/TempScreenShots/TC01_Nationality_Iterration_1_2022_Feb_24_9_44_57_718_AM/24_Feb_2022 9_45_01_793 AM.png','popup','width=600,height=600'); return false;"> ScreenShot</a> </center></th> <th width="250px"  ><center>2022_Feb_24_9_45_02_037_AM</center></th>  </tr>      
 <tr bgcolor="#eee"> <th width="100px"> <center>Step&nbsp;3</center> </th> <th width="450px" ><center><b><font color='black'>   Password Entered</b> </font></center></th> <th width="100px" ><center><img src='file:///C:\HTML Report\HtmlTemplates\passed.ico'    +     "width="30" + height="30"></img></center></th>  <th  width="250px"  ><center><a href=C:/HTML Report/test-output/TempScreenShots/TC01_Nationality_Iterration_1_2022_Feb_24_9_44_57_718_AM/24_Feb_2022 9_45_02_164 AM.png target="popup" onclick="window.open('C:/HTML Report/test-output/TempScreenShots/TC01_Nationality_Iterration_1_2022_Feb_24_9_44_57_718_AM/24_Feb_2022 9_45_02_164 AM.png','popup','width=600,height=600'); return false;"> ScreenShot</a> </center></th> <th width="250px"  ><center>2022_Feb_24_9_45_02_411_AM</center></th>  </tr>      
 <tr bgcolor="#ddd"> <th width="100px"> <center>Step&nbsp;4</center> </th> <th width="450px" ><center><b><font color='black'>   Sign In  Clicked</b> </font></center></th> <th width="100px" ><center><img src='file:///C:\HTML Report\HtmlTemplates\passed.ico'    +     "width="30" + height="30"></img></center></th>  <th  width="250px"  ><center><a href=C:/HTML Report/test-output/TempScreenShots/TC01_Nationality_Iterration_1_2022_Feb_24_9_44_57_718_AM/24_Feb_2022 9_45_07_633 AM.png target="popup" onclick="window.open('C:/HTML Report/test-output/TempScreenShots/TC01_Nationality_Iterration_1_2022_Feb_24_9_44_57_718_AM/24_Feb_2022 9_45_07_633 AM.png','popup','width=600,height=600'); return false;"> ScreenShot</a> </center></th> <th width="250px"  ><center>2022_Feb_24_9_45_07_864_AM</center></th>  </tr>      
 <tr bgcolor="#eee"> <th width="100px"> <center>Step&nbsp;5</center> </th> <th width="450px" ><center><b><font color='black'>   Clicked on Admin </b> </font></center></th> <th width="100px" ><center><img src='file:///C:\HTML Report\HtmlTemplates\passed.ico'    +     "width="30" + height="30"></img></center></th>  <th  width="250px"  ><center><a href=C:/HTML Report/test-output/TempScreenShots/TC01_Nationality_Iterration_1_2022_Feb_24_9_44_57_718_AM/24_Feb_2022 9_45_07_940 AM.png target="popup" onclick="window.open('C:/HTML Report/test-output/TempScreenShots/TC01_Nationality_Iterration_1_2022_Feb_24_9_44_57_718_AM/24_Feb_2022 9_45_07_940 AM.png','popup','width=600,height=600'); return false;"> ScreenShot</a> </center></th> <th width="250px"  ><center>2022_Feb_24_9_45_08_119_AM</center></th>  </tr>      
 <tr bgcolor="#ddd"> <th width="100px"> <center>Step&nbsp;6</center> </th> <th width="450px" ><center><b><font color='black'>   Clicked on Nationality </b> </font></center></th> <th width="100px" ><center><img src='file:///C:\HTML Report\HtmlTemplates\passed.ico'    +     "width="30" + height="30"></img></center></th>  <th  width="250px"  ><center><a href=C:/HTML Report/test-output/TempScreenShots/TC01_Nationality_Iterration_1_2022_Feb_24_9_44_57_718_AM/24_Feb_2022 9_45_10_140 AM.png target="popup" onclick="window.open('C:/HTML Report/test-output/TempScreenShots/TC01_Nationality_Iterration_1_2022_Feb_24_9_44_57_718_AM/24_Feb_2022 9_45_10_140 AM.png','popup','width=600,height=600'); return false;"> ScreenShot</a> </center></th> <th width="250px"  ><center>2022_Feb_24_9_45_10_354_AM</center></th>  </tr>      
 <tr bgcolor="#eee"> <th width="100px"> <center>Step&nbsp;7</center> </th> <th width="450px" ><center><b><font color='black'>   Clicked on Nationality Add </b> </font></center></th> <th width="100px" ><center><img src='file:///C:\HTML Report\HtmlTemplates\passed.ico'    +     "width="30" + height="30"></img></center></th>  <th  width="250px"  ><center><a href=C:/HTML Report/test-output/TempScreenShots/TC01_Nationality_Iterration_1_2022_Feb_24_9_44_57_718_AM/24_Feb_2022 9_45_11_784 AM.png target="popup" onclick="window.open('C:/HTML Report/test-output/TempScreenShots/TC01_Nationality_Iterration_1_2022_Feb_24_9_44_57_718_AM/24_Feb_2022 9_45_11_784 AM.png','popup','width=600,height=600'); return false;"> ScreenShot</a> </center></th> <th width="250px"  ><center>2022_Feb_24_9_45_11_976_AM</center></th>  </tr>      
 <tr bgcolor="#ddd"> <th width="100px"> <center>Step&nbsp;8</center> </th> <th width="450px" ><center><b><font color='black'>   Entered Nationality Text</b> </font></center></th> <th width="100px" ><center><img src='file:///C:\HTML Report\HtmlTemplates\passed.ico'    +     "width="30" + height="30"></img></center></th>  <th  width="250px"  ><center><a href=C:/HTML Report/test-output/TempScreenShots/TC01_Nationality_Iterration_1_2022_Feb_24_9_44_57_718_AM/24_Feb_2022 9_45_12_103 AM.png target="popup" onclick="window.open('C:/HTML Report/test-output/TempScreenShots/TC01_Nationality_Iterration_1_2022_Feb_24_9_44_57_718_AM/24_Feb_2022 9_45_12_103 AM.png','popup','width=600,height=600'); return false;"> ScreenShot</a> </center></th> <th width="250px"  ><center>2022_Feb_24_9_45_12_285_AM</center></th>  </tr>      
 <tr bgcolor="#eee"> <th width="100px"> <center>Step&nbsp;9</center> </th> <th width="450px" ><center><b><font color='black'>   Clicked on Nationality Save</b> </font></center></th> <th width="100px" ><center><img src='file:///C:\HTML Report\HtmlTemplates\passed.ico'    +     "width="30" + height="30"></img></center></th>  <th  width="250px"  ><center><a href=C:/HTML Report/test-output/TempScreenShots/TC01_Nationality_Iterration_1_2022_Feb_24_9_44_57_718_AM/24_Feb_2022 9_45_13_627 AM.png target="popup" onclick="window.open('C:/HTML Report/test-output/TempScreenShots/TC01_Nationality_Iterration_1_2022_Feb_24_9_44_57_718_AM/24_Feb_2022 9_45_13_627 AM.png','popup','width=600,height=600'); return false;"> ScreenShot</a> </center></th> <th width="250px"  ><center>2022_Feb_24_9_45_13_844_AM</center></th>  </tr>      
 <tr bgcolor="#ddd"> <th width="100px"> <center>Step&nbsp;10</center> </th> <th width="450px" ><center><b><font color='black'>   Scroll Nationality </b> </font></center></th> <th width="100px" ><center><img src='file:///C:\HTML Report\HtmlTemplates\passed.ico'    +     "width="30" + height="30"></img></center></th>  <th  width="250px"  ><center><a href=C:/HTML Report/test-output/TempScreenShots/TC01_Nationality_Iterration_1_2022_Feb_24_9_44_57_718_AM/24_Feb_2022 9_45_14_035 AM.png target="popup" onclick="window.open('C:/HTML Report/test-output/TempScreenShots/TC01_Nationality_Iterration_1_2022_Feb_24_9_44_57_718_AM/24_Feb_2022 9_45_14_035 AM.png','popup','width=600,height=600'); return false;"> ScreenShot</a> </center></th> <th width="250px"  ><center>2022_Feb_24_9_45_14_246_AM</center></th>  </tr>      ]]>
  </system-out>
  <testcase classname="Day_013_TestNG_Paraneters1.BrowserTesting_DataProvider3" name="Test3" time="5.730"/>
  <system-out>
    <![CDATA[<table> <tr >  <img   style="border:1px solid black;"      src="C:\HTML Report\HtmlTemplates\Logo.JPEG"></tr><tr   ><center><font color="red"  size="15" >TC01_Nationality_Iterration_3</font></center></tr><tr bgcolor="#9370DB"> <th width="100px"> <center><font color="white"  size="4" >Steps</font></center><font color="white"  size="4" ></font></center> </th> <th width="450px" ><center><font color="white"  size="4" >Details </font> </center></th> <th width="100px" ><center><font color="white"  size="4" >Status</font></center></th>  <th  width="250px"  ><center><font color="white"  size="4" >Screen Shots</font></center></th> <th width="250px"  ><center><font color="white"  size="4" >Date & Time</font></center></th>  </tr>       
 <tr bgcolor="#eee"> <th width="100px"> <center>Step&nbsp;1</center> </th> <th width="450px" ><center><b><font color='black'>   Clicked on Admin </b> </font></center></th> <th width="100px" ><center><img src='file:///C:\HTML Report\HtmlTemplates\passed.ico'    +     "width="30" + height="30"></img></center></th>  <th  width="250px"  ><center><a href=C:/HTML Report/test-output/TempScreenShots/TC01_Nationality_Iterration_3_2022_Feb_24_9_45_20_148_AM/24_Feb_2022 9_45_20_198 AM.png target="popup" onclick="window.open('C:/HTML Report/test-output/TempScreenShots/TC01_Nationality_Iterration_3_2022_Feb_24_9_45_20_148_AM/24_Feb_2022 9_45_20_198 AM.png','popup','width=600,height=600'); return false;"> ScreenShot</a> </center></th> <th width="250px"  ><center>2022_Feb_24_9_45_20_365_AM</center></th>  </tr>      
 <tr bgcolor="#ddd"> <th width="100px"> <center>Step&nbsp;2</center> </th> <th width="450px" ><center><b><font color='black'>   Clicked on Nationality </b> </font></center></th> <th width="100px" ><center><img src='file:///C:\HTML Report\HtmlTemplates\passed.ico'    +     "width="30" + height="30"></img></center></th>  <th  width="250px"  ><center><a href=C:/HTML Report/test-output/TempScreenShots/TC01_Nationality_Iterration_3_2022_Feb_24_9_45_20_148_AM/24_Feb_2022 9_45_21_879 AM.png target="popup" onclick="window.open('C:/HTML Report/test-output/TempScreenShots/TC01_Nationality_Iterration_3_2022_Feb_24_9_45_20_148_AM/24_Feb_2022 9_45_21_879 AM.png','popup','width=600,height=600'); return false;"> ScreenShot</a> </center></th> <th width="250px"  ><center>2022_Feb_24_9_45_22_105_AM</center></th>  </tr>      
 <tr bgcolor="#eee"> <th width="100px"> <center>Step&nbsp;3</center> </th> <th width="450px" ><center><b><font color='black'>   Clicked on Nationality Add </b> </font></center></th> <th width="100px" ><center><img src='file:///C:\HTML Report\HtmlTemplates\passed.ico'    +     "width="30" + height="30"></img></center></th>  <th  width="250px"  ><center><a href=C:/HTML Report/test-output/TempScreenShots/TC01_Nationality_Iterration_3_2022_Feb_24_9_45_20_148_AM/24_Feb_2022 9_45_23_316 AM.png target="popup" onclick="window.open('C:/HTML Report/test-output/TempScreenShots/TC01_Nationality_Iterration_3_2022_Feb_24_9_45_20_148_AM/24_Feb_2022 9_45_23_316 AM.png','popup','width=600,height=600'); return false;"> ScreenShot</a> </center></th> <th width="250px"  ><center>2022_Feb_24_9_45_23_522_AM</center></th>  </tr>      
 <tr bgcolor="#ddd"> <th width="100px"> <center>Step&nbsp;4</center> </th> <th width="450px" ><center><b><font color='black'>   Entered Nationality Text</b> </font></center></th> <th width="100px" ><center><img src='file:///C:\HTML Report\HtmlTemplates\passed.ico'    +     "width="30" + height="30"></img></center></th>  <th  width="250px"  ><center><a href=C:/HTML Report/test-output/TempScreenShots/TC01_Nationality_Iterration_3_2022_Feb_24_9_45_20_148_AM/24_Feb_2022 9_45_23_737 AM.png target="popup" onclick="window.open('C:/HTML Report/test-output/TempScreenShots/TC01_Nationality_Iterration_3_2022_Feb_24_9_45_20_148_AM/24_Feb_2022 9_45_23_737 AM.png','popup','width=600,height=600'); return false;"> ScreenShot</a> </center></th> <th width="250px"  ><center>2022_Feb_24_9_45_23_943_AM</center></th>  </tr>      
 <tr bgcolor="#eee"> <th width="100px"> <center>Step&nbsp;5</center> </th> <th width="450px" ><center><b><font color='black'>   Clicked on Nationality Save</b> </font></center></th> <th width="100px" ><center><img src='file:///C:\HTML Report\HtmlTemplates\passed.ico'    +     "width="30" + height="30"></img></center></th>  <th  width="250px"  ><center><a href=C:/HTML Report/test-output/TempScreenShots/TC01_Nationality_Iterration_3_2022_Feb_24_9_45_20_148_AM/24_Feb_2022 9_45_25_354 AM.png target="popup" onclick="window.open('C:/HTML Report/test-output/TempScreenShots/TC01_Nationality_Iterration_3_2022_Feb_24_9_45_20_148_AM/24_Feb_2022 9_45_25_354 AM.png','popup','width=600,height=600'); return false;"> ScreenShot</a> </center></th> <th width="250px"  ><center>2022_Feb_24_9_45_25_554_AM</center></th>  </tr>      
 <tr bgcolor="#ddd"> <th width="100px"> <center>Step&nbsp;6</center> </th> <th width="450px" ><center><b><font color='black'>   Scroll Nationality </b> </font></center></th> <th width="100px" ><center><img src='file:///C:\HTML Report\HtmlTemplates\passed.ico'    +     "width="30" + height="30"></img></center></th>  <th  width="250px"  ><center><a href=C:/HTML Report/test-output/TempScreenShots/TC01_Nationality_Iterration_3_2022_Feb_24_9_45_20_148_AM/24_Feb_2022 9_45_25_706 AM.png target="popup" onclick="window.open('C:/HTML Report/test-output/TempScreenShots/TC01_Nationality_Iterration_3_2022_Feb_24_9_45_20_148_AM/24_Feb_2022 9_45_25_706 AM.png','popup','width=600,height=600'); return false;"> ScreenShot</a> </center></th> <th width="250px"  ><center>2022_Feb_24_9_45_25_877_AM</center></th>  </tr>      ]]>
  </system-out>
  <testcase classname="Day_013_TestNG_Paraneters1.BrowserTesting_DataProvider3" name="Test3" time="5.895"/>
  <system-out>
    <![CDATA[<table> <tr >  <img   style="border:1px solid black;"      src="C:\HTML Report\HtmlTemplates\Logo.JPEG"></tr><tr   ><center><font color="red"  size="15" >TC01_Nationality_Iterration_2</font></center></tr><tr bgcolor="#9370DB"> <th width="100px"> <center><font color="white"  size="4" >Steps</font></center><font color="white"  size="4" ></font></center> </th> <th width="450px" ><center><font color="white"  size="4" >Details </font> </center></th> <th width="100px" ><center><font color="white"  size="4" >Status</font></center></th>  <th  width="250px"  ><center><font color="white"  size="4" >Screen Shots</font></center></th> <th width="250px"  ><center><font color="white"  size="4" >Date & Time</font></center></th>  </tr>       
 <tr bgcolor="#eee"> <th width="100px"> <center>Step&nbsp;1</center> </th> <th width="450px" ><center><b><font color='black'>   Clicked on Admin </b> </font></center></th> <th width="100px" ><center><img src='file:///C:\HTML Report\HtmlTemplates\passed.ico'    +     "width="30" + height="30"></img></center></th>  <th  width="250px"  ><center><a href=C:/HTML Report/test-output/TempScreenShots/TC01_Nationality_Iterration_2_2022_Feb_24_9_45_14_250_AM/24_Feb_2022 9_45_14_291 AM.png target="popup" onclick="window.open('C:/HTML Report/test-output/TempScreenShots/TC01_Nationality_Iterration_2_2022_Feb_24_9_45_14_250_AM/24_Feb_2022 9_45_14_291 AM.png','popup','width=600,height=600'); return false;"> ScreenShot</a> </center></th> <th width="250px"  ><center>2022_Feb_24_9_45_14_468_AM</center></th>  </tr>      
 <tr bgcolor="#ddd"> <th width="100px"> <center>Step&nbsp;2</center> </th> <th width="450px" ><center><b><font color='black'>   Clicked on Nationality </b> </font></center></th> <th width="100px" ><center><img src='file:///C:\HTML Report\HtmlTemplates\passed.ico'    +     "width="30" + height="30"></img></center></th>  <th  width="250px"  ><center><a href=C:/HTML Report/test-output/TempScreenShots/TC01_Nationality_Iterration_2_2022_Feb_24_9_45_14_250_AM/24_Feb_2022 9_45_16_033 AM.png target="popup" onclick="window.open('C:/HTML Report/test-output/TempScreenShots/TC01_Nationality_Iterration_2_2022_Feb_24_9_45_14_250_AM/24_Feb_2022 9_45_16_033 AM.png','popup','width=600,height=600'); return false;"> ScreenShot</a> </center></th> <th width="250px"  ><center>2022_Feb_24_9_45_16_242_AM</center></th>  </tr>      
 <tr bgcolor="#eee"> <th width="100px"> <center>Step&nbsp;3</center> </th> <th width="450px" ><center><b><font color='black'>   Clicked on Nationality Add </b> </font></center></th> <th width="100px" ><center><img src='file:///C:\HTML Report\HtmlTemplates\passed.ico'    +     "width="30" + height="30"></img></center></th>  <th  width="250px"  ><center><a href=C:/HTML Report/test-output/TempScreenShots/TC01_Nationality_Iterration_2_2022_Feb_24_9_45_14_250_AM/24_Feb_2022 9_45_17_479 AM.png target="popup" onclick="window.open('C:/HTML Report/test-output/TempScreenShots/TC01_Nationality_Iterration_2_2022_Feb_24_9_45_14_250_AM/24_Feb_2022 9_45_17_479 AM.png','popup','width=600,height=600'); return false;"> ScreenShot</a> </center></th> <th width="250px"  ><center>2022_Feb_24_9_45_17_673_AM</center></th>  </tr>      
 <tr bgcolor="#ddd"> <th width="100px"> <center>Step&nbsp;4</center> </th> <th width="450px" ><center><b><font color='black'>   Entered Nationality Text</b> </font></center></th> <th width="100px" ><center><img src='file:///C:\HTML Report\HtmlTemplates\passed.ico'    +     "width="30" + height="30"></img></center></th>  <th  width="250px"  ><center><a href=C:/HTML Report/test-output/TempScreenShots/TC01_Nationality_Iterration_2_2022_Feb_24_9_45_14_250_AM/24_Feb_2022 9_45_17_885 AM.png target="popup" onclick="window.open('C:/HTML Report/test-output/TempScreenShots/TC01_Nationality_Iterration_2_2022_Feb_24_9_45_14_250_AM/24_Feb_2022 9_45_17_885 AM.png','popup','width=600,height=600'); return false;"> ScreenShot</a> </center></th> <th width="250px"  ><center>2022_Feb_24_9_45_18_099_AM</center></th>  </tr>      
 <tr bgcolor="#eee"> <th width="100px"> <center>Step&nbsp;5</center> </th> <th width="450px" ><center><b><font color='black'>   Clicked on Nationality Save</b> </font></center></th> <th width="100px" ><center><img src='file:///C:\HTML Report\HtmlTemplates\passed.ico'    +     "width="30" + height="30"></img></center></th>  <th  width="250px"  ><center><a href=C:/HTML Report/test-output/TempScreenShots/TC01_Nationality_Iterration_2_2022_Feb_24_9_45_14_250_AM/24_Feb_2022 9_45_19_573 AM.png target="popup" onclick="window.open('C:/HTML Report/test-output/TempScreenShots/TC01_Nationality_Iterration_2_2022_Feb_24_9_45_14_250_AM/24_Feb_2022 9_45_19_573 AM.png','popup','width=600,height=600'); return false;"> ScreenShot</a> </center></th> <th width="250px"  ><center>2022_Feb_24_9_45_19_800_AM</center></th>  </tr>      
 <tr bgcolor="#ddd"> <th width="100px"> <center>Step&nbsp;6</center> </th> <th width="450px" ><center><b><font color='black'>   Scroll Nationality </b> </font></center></th> <th width="100px" ><center><img src='file:///C:\HTML Report\HtmlTemplates\passed.ico'    +     "width="30" + height="30"></img></center></th>  <th  width="250px"  ><center><a href=C:/HTML Report/test-output/TempScreenShots/TC01_Nationality_Iterration_2_2022_Feb_24_9_45_14_250_AM/24_Feb_2022 9_45_19_967 AM.png target="popup" onclick="window.open('C:/HTML Report/test-output/TempScreenShots/TC01_Nationality_Iterration_2_2022_Feb_24_9_45_14_250_AM/24_Feb_2022 9_45_19_967 AM.png','popup','width=600,height=600'); return false;"> ScreenShot</a> </center></th> <th width="250px"  ><center>2022_Feb_24_9_45_20_145_AM</center></th>  </tr>      ]]>
  </system-out>
</testsuite> <!-- Day_013_TestNG_Paraneters1.BrowserTesting_DataProvider3 -->
