<?xml version="1.0" encoding="UTF-8"?>
<!-- Generated by org.testng.reporters.JUnitReportReporter -->
<testsuite hostname="DESKTOP-3NLTDNI" failures="0" tests="1" name="ABC_DataProvider.TC01_Add_Skills5" time="0.000" errors="0" timestamp="2022-05-24T16:32:14 IST" skipped="1">
  <testcase classname="ABC_DataProvider.TC01_Add_Skills5" name="SkillsTest" time="0.000">
    <skipped/>
  </testcase> <!-- SkillsTest -->
  <system-out/>
</testsuite> <!-- ABC_DataProvider.TC01_Add_Skills5 -->
