<?xml version="1.0" encoding="UTF-8"?>
<!-- Generated by org.testng.reporters.JUnitReportReporter -->
<testsuite hostname="DESKTOP-BDCU2EV" failures="0" tests="1" name="Day_011_Katalon_Recorder.NewTest" time="13.334" errors="0" timestamp="2022-05-06T12:10:22 IST" skipped="0">
  <testcase classname="Day_011_Katalon_Recorder.NewTest" name="f" time="13.334"/>
  <system-out/>
</testsuite> <!-- Day_011_Katalon_Recorder.NewTest -->
