<?xml version="1.0" encoding="UTF-8"?>
<!-- Generated by org.testng.reporters.JUnitReportReporter -->
<testsuite hostname="DESKTOP-BDCU2EV" failures="0" tests="1" name="ABC_Demo14.TC01_Add_Skills2" time="14.531" errors="0" timestamp="2022-05-11T09:31:15 IST" skipped="0">
  <testcase classname="ABC_Demo14.TC01_Add_Skills2" name="SkillsTest" time="14.531"/>
  <system-out/>
</testsuite> <!-- ABC_Demo14.TC01_Add_Skills2 -->
