<?xml version="1.0" encoding="UTF-8"?>
<!-- Generated by org.testng.reporters.JUnitReportReporter -->
<testsuite hostname="DESKTOP-3NLTDNI" failures="0" tests="1" name="DAY045_CSS_Selectors.TC04_Sub_string" time="7.569" errors="0" timestamp="2022-05-31T13:51:02 IST" skipped="0">
  <testcase classname="DAY045_CSS_Selectors.TC04_Sub_string" name="Test2" time="7.569"/>
  <system-out/>
</testsuite> <!-- DAY045_CSS_Selectors.TC04_Sub_string -->
