<?xml version="1.0" encoding="UTF-8"?>
<!-- Generated by org.testng.reporters.JUnitReportReporter -->
<testsuite hostname="DESKTOP-3NLTDNI" failures="0" tests="1" name="Day_35_Execute_Failed_TestCases.TC01_Add_Skills" time="20.673" errors="0" timestamp="2022-05-31T11:05:53 IST" skipped="0">
  <testcase classname="Day_35_Execute_Failed_TestCases.TC01_Add_Skills" name="Open_Mercury" time="20.673"/>
  <system-out/>
</testsuite> <!-- Day_35_Execute_Failed_TestCases.TC01_Add_Skills -->
