<?xml version="1.0" encoding="UTF-8"?>
<!-- Generated by org.testng.reporters.JUnitReportReporter -->
<testsuite hostname="DESKTOP-BDCU2EV" failures="0" tests="1" name="Basic_Login.NewTest" time="10.839" errors="0" timestamp="2022-02-05T12:37:40 IST" skipped="0">
  <testcase classname="Basic_Login.NewTest" name="MainMethod" time="10.839"/>
  <system-out/>
</testsuite> <!-- Basic_Login.NewTest -->
