<?xml version="1.0" encoding="UTF-8"?>
<!-- Generated by org.testng.reporters.JUnitReportReporter -->
<testsuite hostname="DESKTOP-BDCU2EV" failures="0" tests="1" name="ABC_Demo122.TC01_Simple_Interest" time="0.010" errors="0" timestamp="2022-05-07T09:17:42 IST" skipped="0">
  <testcase classname="ABC_Demo122.TC01_Simple_Interest" name="Test1_SimpleInterest" time="0.010"/>
  <system-out/>
</testsuite> <!-- ABC_Demo122.TC01_Simple_Interest -->
