<?xml version="1.0" encoding="UTF-8"?>
<!-- Generated by org.testng.reporters.JUnitReportReporter -->
<testsuite hostname="DESKTOP-BDCU2EV" failures="0" tests="1" name="Day_032_TestNG_Groups.AllTests" time="5.598" errors="0" timestamp="2022-04-08T10:35:29 IST" skipped="0">
  <testcase classname="Day_032_TestNG_Groups.AllTests" name="OrangeHRM" time="5.598"/>
  <system-out/>
</testsuite> <!-- Day_032_TestNG_Groups.AllTests -->
