<?xml version="1.0" encoding="UTF-8"?>
<!-- Generated by org.testng.reporters.JUnitReportReporter -->
<testsuite hostname="DESKTOP-BDCU2EV" failures="0" tests="1" name="Day_027_Alerts.AlertDemo" time="31.303" errors="0" timestamp="2022-03-02T10:04:25 IST" skipped="0">
  <testcase classname="Day_027_Alerts.AlertDemo" name="testWebAlert" time="31.303"/>
  <system-out/>
</testsuite> <!-- Day_027_Alerts.AlertDemo -->
