<?xml version="1.0" encoding="UTF-8"?>
<!-- Generated by org.testng.reporters.JUnitReportReporter -->
<testsuite hostname="DESKTOP-BDCU2EV" failures="0" tests="1" name="BasicLogin.NewTest" time="9.917" errors="0" timestamp="2022-03-23T11:16:06 IST" skipped="0">
  <testcase classname="BasicLogin.NewTest" name="CallallMethods" time="9.917"/>
  <system-out/>
</testsuite> <!-- BasicLogin.NewTest -->
