<?xml version="1.0" encoding="UTF-8"?>
<!-- Generated by org.testng.reporters.JUnitReportReporter -->
<testsuite hostname="DESKTOP-BDCU2EV" failures="0" tests="1" name="Day_011_Katalon_Recorder.AddJobs" time="16.027" errors="0" timestamp="2022-05-07T10:56:17 IST" skipped="0">
  <testcase classname="Day_011_Katalon_Recorder.AddJobs" name="testUntitledTestCase" time="16.027"/>
  <system-out/>
</testsuite> <!-- Day_011_Katalon_Recorder.AddJobs -->
