<?xml version="1.0" encoding="UTF-8"?>
<!-- Generated by org.testng.reporters.JUnitReportReporter -->
<testsuite hostname="DESKTOP-BDCU2EV" failures="0" tests="2" name="ABC_DataProvider.TC01_Add_Skills7" time="28.317" errors="0" timestamp="2022-04-01T09:22:27 IST" skipped="0">
  <testcase classname="ABC_DataProvider.TC01_Add_Skills7" name="SkillsTest" time="12.848"/>
  <system-out/>
  <testcase classname="ABC_DataProvider.TC01_Add_Skills7" name="SkillsTest" time="15.469"/>
  <system-out/>
</testsuite> <!-- ABC_DataProvider.TC01_Add_Skills7 -->
