<?xml version="1.0" encoding="UTF-8"?>
<!-- Generated by org.testng.reporters.JUnitReportReporter -->
<testsuite hostname="DESKTOP-BDCU2EV" failures="0" tests="1" name="ABC_Demo114.TC01_Login" time="33.237" errors="0" timestamp="2022-03-11T09:55:12 IST" skipped="0">
  <testcase classname="ABC_Demo114.TC01_Login" name="LoginTest" time="33.237"/>
  <system-out/>
</testsuite> <!-- ABC_Demo114.TC01_Login -->
