<?xml version="1.0" encoding="UTF-8"?>
<!-- Generated by org.testng.reporters.JUnitReportReporter -->
<testsuite hostname="DESKTOP-3NLTDNI" failures="0" tests="2" name="Day_014_ParallelMethods.AllTests" time="14.563" errors="0" timestamp="2022-05-31T10:25:28 IST" skipped="0">
  <testcase classname="Day_014_ParallelMethods.AllTests" name="Mercury" time="6.802"/>
  <system-out/>
  <testcase classname="Day_014_ParallelMethods.AllTests" name="OrangeHRM" time="7.761"/>
  <system-out/>
</testsuite> <!-- Day_014_ParallelMethods.AllTests -->
