<?xml version="1.0" encoding="UTF-8"?>
<!-- Generated by org.testng.reporters.JUnitReportReporter -->
<testsuite hostname="DESKTOP-BDCU2EV" failures="0" tests="1" name="Day_003_Locators.TC08_tagName" time="9.530" errors="0" timestamp="2022-03-28T11:18:38 IST" skipped="0">
  <testcase classname="Day_003_Locators.TC08_tagName" name="Test2" time="9.530"/>
  <system-out/>
</testsuite> <!-- Day_003_Locators.TC08_tagName -->
