<?xml version="1.0" encoding="UTF-8"?>
<!-- Generated by org.testng.reporters.JUnitReportReporter -->
<testsuite hostname="DESKTOP-BDCU2EV" failures="0" tests="1" name="Day_001_Demo.TC08_FireFox_Test" time="11.081" errors="0" timestamp="2022-03-30T09:49:15 IST" skipped="0">
  <testcase classname="Day_001_Demo.TC08_FireFox_Test" name="Login_Test" time="11.081"/>
  <system-out/>
</testsuite> <!-- Day_001_Demo.TC08_FireFox_Test -->
