<?xml version="1.0" encoding="UTF-8"?>
<!-- Generated by org.testng.reporters.JUnitReportReporter -->
<testsuite hostname="DESKTOP-BDCU2EV" failures="0" tests="2" name="ABC_DataProvider.TC01_Add_Skills6" time="28.231" errors="0" timestamp="2022-03-30T09:42:57 IST" skipped="0">
  <testcase classname="ABC_DataProvider.TC01_Add_Skills6" name="SkillsTest" time="17.545"/>
  <system-out/>
  <testcase classname="ABC_DataProvider.TC01_Add_Skills6" name="SkillsTest" time="10.686"/>
  <system-out/>
</testsuite> <!-- ABC_DataProvider.TC01_Add_Skills6 -->
