<?xml version="1.0" encoding="UTF-8"?>
<!-- Generated by org.testng.reporters.JUnitReportReporter -->
<testsuite hostname="DESKTOP-BDCU2EV" failures="0" tests="1" name="Day_022_Action_class.TC02_Double_Click" time="8.728" errors="0" timestamp="2022-03-23T10:10:59 IST" skipped="0">
  <testcase classname="Day_022_Action_class.TC02_Double_Click" name="Login_Test" time="8.728"/>
  <system-out/>
</testsuite> <!-- Day_022_Action_class.TC02_Double_Click -->
