<?xml version="1.0" encoding="UTF-8"?>
<!-- Generated by org.testng.reporters.JUnitReportReporter -->
<testsuite hostname="DESKTOP-BDCU2EV" failures="0" tests="1" name="Day_001_Demo.TC01_Login" time="10.717" errors="0" timestamp="2022-03-17T10:04:39 IST" skipped="0">
  <testcase classname="Day_001_Demo.TC01_Login" name="login_test" time="10.717"/>
  <system-out/>
</testsuite> <!-- Day_001_Demo.TC01_Login -->
