<?xml version="1.0" encoding="UTF-8"?>
<!-- Generated by org.testng.reporters.JUnitReportReporter -->
<testsuite hostname="DESKTOP-BDCU2EV" failures="0" tests="1" name="Day_021_Java_Script_Executer.TC01_JavaSE_ScrollByVisibleElement2" time="19.389" errors="0" timestamp="2022-03-10T10:43:23 IST" skipped="0">
  <testcase classname="Day_021_Java_Script_Executer.TC01_JavaSE_ScrollByVisibleElement2" name="Login" time="19.389"/>
  <system-out/>
</testsuite> <!-- Day_021_Java_Script_Executer.TC01_JavaSE_ScrollByVisibleElement2 -->
