<?xml version="1.0" encoding="UTF-8"?>
<!-- Generated by org.testng.reporters.JUnitReportReporter -->
<testsuite hostname="DESKTOP-BDCU2EV" failures="0" tests="3" name="ABC_Demo1.TC03_Login_Static_Paarameters" time="41.719" errors="0" timestamp="2022-05-11T08:51:19 IST" skipped="0">
  <testcase classname="ABC_Demo1.TC03_Login_Static_Paarameters" name="Login_Test" time="12.615"/>
  <system-out/>
  <testcase classname="ABC_Demo1.TC03_Login_Static_Paarameters" name="Login_Test" time="15.589"/>
  <system-out/>
  <testcase classname="ABC_Demo1.TC03_Login_Static_Paarameters" name="Login_Test" time="13.515"/>
  <system-out/>
</testsuite> <!-- ABC_Demo1.TC03_Login_Static_Paarameters -->
