<?xml version="1.0" encoding="UTF-8"?>
<!-- Generated by org.testng.reporters.JUnitReportReporter -->
<testsuite hostname="DESKTOP-BDCU2EV" failures="0" tests="1" name="Day_025_ExcelUtil_Apache_POI.TC05_Excel_Test_xlsx" time="68.020" errors="0" timestamp="2022-04-26T09:44:07 IST" skipped="0">
  <testcase classname="Day_025_ExcelUtil_Apache_POI.TC05_Excel_Test_xlsx" name="hello" time="68.020"/>
  <system-out/>
</testsuite> <!-- Day_025_ExcelUtil_Apache_POI.TC05_Excel_Test_xlsx -->
