<?xml version="1.0" encoding="UTF-8"?>
<!-- Generated by org.testng.reporters.JUnitReportReporter -->
<testsuite hostname="DESKTOP-3NLTDNI" failures="0" tests="1" name="ABC_Demo123.TC01_Add_jobs2" time="22.316" errors="0" timestamp="2022-05-13T09:41:21 IST" skipped="0">
  <testcase classname="ABC_Demo123.TC01_Add_jobs2" name="JobsTest" time="22.316"/>
  <system-out/>
</testsuite> <!-- ABC_Demo123.TC01_Add_jobs2 -->
